-------------------------------------------------------------------------------
Test set: Login
-------------------------------------------------------------------------------
Tests run: 3, Failures: 1, Errors: 0, Skipped: 0, Time elapsed: 21.799 s <<< FAILURE! - in Login
Login Page Title Validation(Login)  Time elapsed: 6.569 s  <<< FAILURE!
java.lang.AssertionError

